<?xml version="1.0" encoding="UTF-8"?>
<!-- Generated by org.testng.reporters.JUnitXMLReporter -->
<testsuite ignored="0" hostname="LAPTOP-B4FV469Q" failures="0" tests="4" name="Default test" time="7.855" errors="0" timestamp="2024-10-16T15:33:34 IST">
  <testcase classname="api.test.UserTests" name="testPostUser" time="2.781"/>
  <testcase classname="api.test.UserTests" name="testGetUserByName" time="1.253"/>
  <testcase classname="api.test.UserTests" name="testUpdateuserByName" time="2.296"/>
  <testcase classname="api.test.UserTests" name="testDeleteUserByName" time="1.212"/>
</testsuite> <!-- Default test -->
