<?xml version="1.0" encoding="UTF-8"?>
<testng-results ignored="0" total="4" passed="4" failed="0" skipped="0">
  <reporter-output>
  </reporter-output>
  <suite started-at="2024-10-16T15:33:26 IST" name="Default suite" finished-at="2024-10-16T15:33:34 IST" duration-ms="7855">
    <groups>
    </groups>
    <test started-at="2024-10-16T15:33:26 IST" name="Default test" finished-at="2024-10-16T15:33:34 IST" duration-ms="7855">
      <class name="api.test.UserTests">
        <test-method is-config="true" signature="setupData()[pri:0, instance:api.test.UserTests@604c5de8]" started-at="2024-10-16T15:33:26 IST" name="setupData" finished-at="2024-10-16T15:33:26 IST" duration-ms="250" status="PASS">
          <reporter-output>
          </reporter-output>
        </test-method> <!-- setupData -->
        <test-method signature="testPostUser()[pri:1, instance:api.test.UserTests@604c5de8]" started-at="2024-10-16T15:33:26 IST" name="testPostUser" finished-at="2024-10-16T15:33:29 IST" duration-ms="2781" status="PASS">
          <reporter-output>
          </reporter-output>
        </test-method> <!-- testPostUser -->
        <test-method signature="testGetUserByName()[pri:2, instance:api.test.UserTests@604c5de8]" started-at="2024-10-16T15:33:29 IST" name="testGetUserByName" finished-at="2024-10-16T15:33:30 IST" duration-ms="1253" status="PASS">
          <reporter-output>
          </reporter-output>
        </test-method> <!-- testGetUserByName -->
        <test-method signature="testUpdateuserByName()[pri:3, instance:api.test.UserTests@604c5de8]" started-at="2024-10-16T15:33:30 IST" name="testUpdateuserByName" finished-at="2024-10-16T15:33:33 IST" duration-ms="2296" status="PASS">
          <reporter-output>
          </reporter-output>
        </test-method> <!-- testUpdateuserByName -->
        <test-method signature="testDeleteUserByName()[pri:4, instance:api.test.UserTests@604c5de8]" started-at="2024-10-16T15:33:33 IST" name="testDeleteUserByName" finished-at="2024-10-16T15:33:34 IST" duration-ms="1212" status="PASS">
          <reporter-output>
          </reporter-output>
        </test-method> <!-- testDeleteUserByName -->
      </class> <!-- api.test.UserTests -->
    </test> <!-- Default test -->
  </suite> <!-- Default suite -->
</testng-results>
